Start testing: Apr 01 02:46 CST
----------------------------------------------------------
1/1 Testing: UnitTests
1/1 Test: UnitTests
Command: "/home/enrui/CP2024_code/computational-physics/cpp/build/UnitTests_catch2"
Directory: /home/enrui/CP2024_code/computational-physics/cpp/build
"UnitTests" start time: Apr 01 02:46 CST
Output:
----------------------------------------------------------
Randomness seeded to: 2618739560
===============================================================================
All tests passed (13 assertions in 3 test cases)

<end of output>
Test time =   0.01 sec
----------------------------------------------------------
Test Passed.
"UnitTests" end time: Apr 01 02:46 CST
"UnitTests" time elapsed: 00:00:00
----------------------------------------------------------

End testing: Apr 01 02:46 CST
